[10:46:42] [Datafixer Bootstrap/INFO]: 263 Datafixer optimizations took 3629 milliseconds
[10:46:50] [Render thread/INFO]: Environment: Environment[sessionHost=https://sessionserver.mojang.com, servicesHost=https://api.minecraftservices.com, name=PROD]
[10:46:50] [Render thread/INFO]: Setting user: Earth1283
[10:46:52] [Render thread/INFO]: Backend library: LWJGL version 3.3.3+5
[10:46:52] [Download-2/ERROR]: Failed to fetch user properties
com.mojang.authlib.exceptions.InvalidCredentialsException: Status: 401
	at com.mojang.authlib.exceptions.MinecraftClientHttpException.toAuthenticationException(MinecraftClientHttpException.java:59) ~[authlib-6.0.58.jar:?]
	at com.mojang.authlib.yggdrasil.YggdrasilUserApiService.fetchProperties(YggdrasilUserApiService.java:150) ~[authlib-6.0.58.jar:?]
	at fqq.bN(SourceFile:454) ~[1.21.5.jar:?]
	at java.base/java.util.concurrent.CompletableFuture$AsyncSupply.run(CompletableFuture.java:1768) ~[?:?]
	at java.base/java.util.concurrent.ThreadPoolExecutor.runWorker(ThreadPoolExecutor.java:1144) ~[?:?]
	at java.base/java.util.concurrent.ThreadPoolExecutor$Worker.run(ThreadPoolExecutor.java:642) ~[?:?]
	at java.base/java.lang.Thread.run(Thread.java:1583) [?:?]
Caused by: com.mojang.authlib.exceptions.MinecraftClientHttpException: Status: 401
	at com.mojang.authlib.minecraft.client.MinecraftClient.readInputStream(MinecraftClient.java:103) ~[authlib-6.0.58.jar:?]
	at com.mojang.authlib.minecraft.client.MinecraftClient.get(MinecraftClient.java:56) ~[authlib-6.0.58.jar:?]
	at com.mojang.authlib.yggdrasil.YggdrasilUserApiService.fetchProperties(YggdrasilUserApiService.java:121) ~[authlib-6.0.58.jar:?]
	... 5 more
[10:46:55] [Render thread/INFO]: Using optional rendering extensions: 
[10:46:55] [Render thread/WARN]: Removed resource pack fabric from options because it doesn't seem to exist anymore
[10:46:57] [Render thread/INFO]: Reloading ResourceManager: vanilla
[10:46:57] [Worker-Main-3/INFO]: Found unifont_all_no_pua-16.0.01.hex, loading
[10:46:59] [Worker-Main-7/INFO]: Found unifont_jp_patch-16.0.01.hex, loading
[10:46:59] [Download-1/INFO]: Could not authorize you against Realms server: javax.ws.rs.BadRequestException: Invalid session
[10:46:59] [Download-1/ERROR]: Failed to fetch Realms feature flags
fnm: Realms authentication error with message 'javax.ws.rs.BadRequestException: Invalid session'
	at flq.a(SourceFile:495) ~[1.21.5.jar:?]
	at flq.n(SourceFile:177) ~[1.21.5.jar:?]
	at java.base/java.util.concurrent.CompletableFuture$AsyncSupply.run(CompletableFuture.java:1768) ~[?:?]
	at java.base/java.util.concurrent.ThreadPoolExecutor.runWorker(ThreadPoolExecutor.java:1144) ~[?:?]
	at java.base/java.util.concurrent.ThreadPoolExecutor$Worker.run(ThreadPoolExecutor.java:642) ~[?:?]
	at java.base/java.lang.Thread.run(Thread.java:1583) [?:?]
[10:47:01] [Render thread/WARN]: Found unknown and unsupported uniform Sampler2 in minecraft:pipeline/energy_swirl
[10:47:01] [Render thread/WARN]: Found unknown and unsupported uniform Sampler1 in minecraft:pipeline/energy_swirl
[10:47:01] [Render thread/WARN]: Found unknown and unsupported uniform Sampler1 in minecraft:pipeline/armor_translucent
[10:47:01] [Render thread/WARN]: Found unknown and unsupported uniform Sampler1 in minecraft:pipeline/armor_decal_cutout_no_cull
[10:47:01] [Render thread/WARN]: Found unknown and unsupported uniform Sampler1 in minecraft:pipeline/entity_no_outline
[10:47:01] [Render thread/WARN]: Found unknown and unsupported uniform Sampler2 in minecraft:pipeline/eyes
[10:47:01] [Render thread/WARN]: Found unknown and unsupported uniform Sampler1 in minecraft:pipeline/eyes
[10:47:01] [Render thread/WARN]: Found unknown and unsupported uniform Sampler1 in minecraft:pipeline/armor_cutout_no_cull
[10:47:01] [Render thread/WARN]: Found unknown and unsupported uniform Sampler1 in minecraft:pipeline/breeze_wind
[10:47:01] [Render thread/INFO]: OpenAL initialized on device MacBook Air Speakers
[10:47:01] [Render thread/INFO]: Sound engine started
[10:47:02] [Render thread/INFO]: Created: 1024x512x4 minecraft:textures/atlas/blocks.png-atlas
[10:47:02] [Render thread/INFO]: Created: 256x256x4 minecraft:textures/atlas/signs.png-atlas
[10:47:02] [Render thread/INFO]: Created: 512x512x4 minecraft:textures/atlas/banner_patterns.png-atlas
[10:47:02] [Render thread/INFO]: Created: 512x512x4 minecraft:textures/atlas/shield_patterns.png-atlas
[10:47:02] [Render thread/INFO]: Created: 2048x1024x4 minecraft:textures/atlas/armor_trims.png-atlas
[10:47:02] [Render thread/INFO]: Created: 256x256x4 minecraft:textures/atlas/chest.png-atlas
[10:47:02] [Render thread/INFO]: Created: 128x64x4 minecraft:textures/atlas/decorated_pot.png-atlas
[10:47:02] [Render thread/INFO]: Created: 512x256x4 minecraft:textures/atlas/beds.png-atlas
[10:47:02] [Render thread/INFO]: Created: 512x256x4 minecraft:textures/atlas/shulker_boxes.png-atlas
[10:47:02] [Render thread/INFO]: Created: 64x64x0 minecraft:textures/atlas/map_decorations.png-atlas
[10:47:02] [Render thread/INFO]: Created: 512x256x0 minecraft:textures/atlas/particles.png-atlas
[10:47:02] [Render thread/INFO]: Created: 512x256x0 minecraft:textures/atlas/paintings.png-atlas
[10:47:02] [Render thread/INFO]: Created: 256x128x0 minecraft:textures/atlas/mob_effects.png-atlas
[10:47:02] [Render thread/INFO]: Created: 1024x512x0 minecraft:textures/atlas/gui.png-atlas
[10:47:02] [IO-Worker-1/INFO]: Could not authorize you against Realms server: javax.ws.rs.BadRequestException: Invalid session
[10:47:02] [IO-Worker-1/ERROR]: Couldn't connect to realms
fnm: Realms authentication error with message 'javax.ws.rs.BadRequestException: Invalid session'
	at flq.a(SourceFile:495) ~[1.21.5.jar:?]
	at flq.h(SourceFile:278) ~[1.21.5.jar:?]
	at flk.c(SourceFile:51) ~[1.21.5.jar:?]
	at java.base/java.util.concurrent.CompletableFuture$AsyncSupply.run(CompletableFuture.java:1768) ~[?:?]
	at java.base/java.util.concurrent.ThreadPoolExecutor.runWorker(ThreadPoolExecutor.java:1144) ~[?:?]
	at java.base/java.util.concurrent.ThreadPoolExecutor$Worker.run(ThreadPoolExecutor.java:642) ~[?:?]
	at java.base/java.lang.Thread.run(Thread.java:1583) [?:?]
[10:48:50] [Render thread/INFO]: Stopping!
